2022-11-21 14:35:27,604 ERROR OSError: [Errno 51] Network is unreachable
NoneType: None
2022-11-21 14:35:27,604 ERROR --- Logging error ---
NoneType: None
2022-11-21 14:35:27,610 ERROR OSError: [Errno 51] Network is unreachable
NoneType: None
2022-11-21 14:35:27,610 ERROR --- Logging error ---
NoneType: None
2022-11-21 14:35:42,630 INFO Запись успешно добавлена \u200b\u200bв таблицy
2022-11-21 14:35:42,631 INFO Соединение с PostgreSQL закрыто
2022-11-21 14:36:43,026 INFO Запись успешно добавлена \u200b\u200bв таблицy
2022-11-21 14:36:43,026 INFO Соединение с PostgreSQL закрыто
2022-11-21 14:36:49,064 INFO Запись успешно добавлена \u200b\u200bв таблицy
2022-11-21 14:36:49,065 INFO Соединение с PostgreSQL закрыто
2022-11-21 14:36:49,145 INFO Запись успешно добавлена \u200b\u200bв таблицy
2022-11-21 14:36:49,145 INFO Соединение с PostgreSQL закрыто
2022-11-21 14:36:57,069 INFO Запись успешно добавлена \u200b\u200bв таблицy
2022-11-21 14:36:57,069 INFO Соединение с PostgreSQL закрыто
2022-11-21 14:36:57,240 INFO Запись успешно добавлена \u200b\u200bв таблицy
2022-11-21 14:36:57,240 INFO Соединение с PostgreSQL закрыто
2022-11-21 14:37:00,152 INFO Запись успешно добавлена \u200b\u200bв таблицy
2022-11-21 14:37:00,152 INFO Соединение с PostgreSQL закрыто
